2018-12-30 16:19:28 ERROR UserServiceImpl:22 - java.sql.SQLException: The server time zone value '????????? (????)' is unrecognized or represents more than one time zone. You must configure either the server or JDBC driver (via the serverTimezone configuration property) to use a more specifc time zone value if you want to utilize time zone support.
2018-12-30 16:21:01 ERROR UserServiceImpl:22 - java.sql.SQLException: The server time zone value '????????? (????)' is unrecognized or represents more than one time zone. You must configure either the server or JDBC driver (via the serverTimezone configuration property) to use a more specifc time zone value if you want to utilize time zone support.
2018-12-30 16:26:25 ERROR UserServiceImpl:22 - java.sql.SQLException: The server time zone value '????????? (????)' is unrecognized or represents more than one time zone. You must configure either the server or JDBC driver (via the serverTimezone configuration property) to use a more specifc time zone value if you want to utilize time zone support.
2018-12-30 16:33:24 ERROR UserServiceImpl:22 - java.sql.SQLException: The server time zone value '????????? (????)' is unrecognized or represents more than one time zone. You must configure either the server or JDBC driver (via the serverTimezone configuration property) to use a more specifc time zone value if you want to utilize time zone support.
2018-12-30 16:34:44 ERROR UserServiceImpl:22 - java.lang.ClassNotFoundException: com.mysql.cj.jdbc.Driver
2018-12-30 16:37:27 ERROR UserServiceImpl:22 - java.lang.ClassNotFoundException: com.mysql.cj.jdbc.Driver
2018-12-30 16:38:03 ERROR UserServiceImpl:22 - java.lang.ClassNotFoundException: com.mysql.cj.jdbc.Driver
2018-12-30 16:46:37 ERROR UserServiceImpl:22 - java.lang.ClassNotFoundException: com.mysql.cj.jdbc.Driver
2018-12-30 16:50:33 ERROR UserServiceImpl:22 - java.lang.ClassNotFoundException: com.mysql.cj.jdbc.Driver
2018-12-30 16:56:48 ERROR UserServiceImpl:22 - java.lang.ClassNotFoundException: com.mysql.cj.jdbc.Driver
2018-12-30 16:57:30 ERROR UserServiceImpl:22 - java.lang.ClassNotFoundException: com.mysql.cj.jdbc.Driver
2018-12-30 16:59:15 ERROR UserServiceImpl:22 - java.lang.ClassNotFoundException: com.mysql.cj.jdbc.Driver
2018-12-30 17:00:05 ERROR UserServiceImpl:22 - java.lang.ClassNotFoundException: com.mysql.cj.jdbc.Driver
2018-12-30 17:00:37 ERROR UserServiceImpl:22 - java.lang.ClassNotFoundException: com.mysql.cj.jdbc.Driver
2018-12-30 17:01:13 ERROR UserServiceImpl:22 - java.lang.ClassNotFoundException: com.mysql.cj.jdbc.Driver
2018-12-30 17:02:41 ERROR UserServiceImpl:22 - java.lang.ClassNotFoundException: com.mysql.cj.jdbc.Driver
2018-12-30 17:03:58 ERROR UserServiceImpl:22 - java.lang.ClassNotFoundException: com.mysql.cj.jdbc.Driver
2018-12-30 17:04:27 ERROR UserServiceImpl:22 - java.lang.ClassNotFoundException: com.mysql.cj.jdbc.Driver
2018-12-30 17:05:12 ERROR UserServiceImpl:22 - java.lang.ClassNotFoundException: com.mysql.cj.jdbc.Driver
2018-12-30 20:07:49 ERROR UserServiceImpl:22 - java.lang.ClassNotFoundException: com.mysql.cj.jdbc.Driver
2018-12-30 20:08:10 ERROR UserServiceImpl:22 - java.lang.ClassNotFoundException: com.mysql.cj.jdbc.Driver
2018-12-30 20:12:43 ERROR UserServiceImpl:22 - java.lang.ClassNotFoundException: com.mysql.cj.jdbc.Driver
2018-12-30 20:20:54 ERROR UserServiceImpl:22 - java.lang.ClassNotFoundException: com.mysql.cj.jdbc.Driver
2018-12-30 20:21:22 ERROR UserServiceImpl:22 - java.lang.ClassNotFoundException: com.mysql.cj.jdbc.Driver
2018-12-30 20:23:25 ERROR UserServiceImpl:22 - java.lang.ClassNotFoundException: com.mysql.cj.jdbc.Driver
2018-12-30 21:07:15 ERROR UserDaoImpl:52 - java.sql.SQLException: Parameter index out of range (7 > number of parameters, which is 5).
2018-12-30 21:07:53 ERROR UserDaoImpl:52 - java.sql.SQLException: Parameter index out of range (7 > number of parameters, which is 5).
2018-12-30 21:21:17 ERROR UserServiceImpl:22 - java.sql.SQLException: The server time zone value '????????? (????)' is unrecognized or represents more than one time zone. You must configure either the server or JDBC driver (via the serverTimezone configuration property) to use a more specifc time zone value if you want to utilize time zone support.
2018-12-30 21:38:35 ERROR UserDaoImpl:51 - java.sql.SQLSyntaxErrorException: Table 'magazines.users' doesn't exist
2019-01-12 18:08:25 ERROR UserDaoImpl:150 - java.sql.SQLException: Column 'id' not found.
2019-01-12 18:08:37 ERROR UserDaoImpl:150 - java.sql.SQLException: Column 'id' not found.
2019-01-12 18:09:03 ERROR UserDaoImpl:150 - java.sql.SQLException: Column 'id' not found.
2019-01-12 18:10:51 ERROR UserDaoImpl:150 - java.sql.SQLException: Column 'userId' not found.
